TN:
SF:src/config/constants.ts
FN:172,(anonymous_0)
FN:178,(anonymous_1)
FN:180,(anonymous_2)
FN:181,(anonymous_3)
FN:186,(anonymous_4)
FN:187,(anonymous_5)
FN:188,(anonymous_6)
FN:189,(anonymous_7)
FN:199,(anonymous_8)
FN:209,(anonymous_9)
FN:210,(anonymous_10)
FNF:11
FNH:0
FNDA:0,(anonymous_0)
FNDA:0,(anonymous_1)
FNDA:0,(anonymous_2)
FNDA:0,(anonymous_3)
FNDA:0,(anonymous_4)
FNDA:0,(anonymous_5)
FNDA:0,(anonymous_6)
FNDA:0,(anonymous_7)
FNDA:0,(anonymous_8)
FNDA:0,(anonymous_9)
FNDA:0,(anonymous_10)
DA:16,2
DA:36,2
DA:47,2
DA:65,2
DA:72,2
DA:75,2
DA:86,2
DA:94,2
DA:97,2
DA:109,2
DA:117,2
DA:124,2
DA:131,2
DA:137,2
DA:147,2
DA:161,2
DA:172,0
DA:178,0
DA:180,0
DA:181,0
DA:186,0
DA:187,0
DA:188,0
DA:189,0
DA:199,0
DA:209,0
DA:210,0
DA:234,2
DA:287,2
DA:318,2
DA:330,2
LF:31
LH:20
BRF:0
BRH:0
end_of_record
TN:
SF:src/config/database.config.ts
FN:21,getDatabasePath
FN:61,(anonymous_2)
FN:92,(anonymous_3)
FN:93,(anonymous_4)
FN:94,(anonymous_5)
FN:111,(anonymous_6)
FN:112,(anonymous_7)
FN:113,(anonymous_8)
FN:130,(anonymous_9)
FN:131,(anonymous_10)
FN:132,(anonymous_11)
FN:150,(anonymous_12)
FN:151,(anonymous_13)
FN:152,(anonymous_14)
FN:153,(anonymous_15)
FN:161,(anonymous_16)
FN:164,(anonymous_17)
FN:172,(anonymous_18)
FN:174,(anonymous_19)
FN:190,(anonymous_20)
FN:191,(anonymous_21)
FN:192,(anonymous_22)
FN:210,closeDatabase
FN:211,(anonymous_24)
FN:212,(anonymous_25)
FNF:25
FNH:0
FNDA:0,getDatabasePath
FNDA:0,(anonymous_2)
FNDA:0,(anonymous_3)
FNDA:0,(anonymous_4)
FNDA:0,(anonymous_5)
FNDA:0,(anonymous_6)
FNDA:0,(anonymous_7)
FNDA:0,(anonymous_8)
FNDA:0,(anonymous_9)
FNDA:0,(anonymous_10)
FNDA:0,(anonymous_11)
FNDA:0,(anonymous_12)
FNDA:0,(anonymous_13)
FNDA:0,(anonymous_14)
FNDA:0,(anonymous_15)
FNDA:0,(anonymous_16)
FNDA:0,(anonymous_17)
FNDA:0,(anonymous_18)
FNDA:0,(anonymous_19)
FNDA:0,(anonymous_20)
FNDA:0,(anonymous_21)
FNDA:0,(anonymous_22)
FNDA:0,closeDatabase
FNDA:0,(anonymous_24)
FNDA:0,(anonymous_25)
DA:14,0
DA:15,0
DA:22,0
DA:27,0
DA:29,0
DA:30,0
DA:31,0
DA:33,0
DA:34,0
DA:35,0
DA:38,0
DA:39,0
DA:40,0
DA:45,0
DA:49,0
DA:50,0
DA:52,0
DA:59,0
DA:61,0
DA:62,0
DA:63,0
DA:64,0
DA:66,0
DA:85,0
DA:93,0
DA:94,0
DA:95,0
DA:96,0
DA:97,0
DA:99,0
DA:112,0
DA:113,0
DA:114,0
DA:115,0
DA:116,0
DA:118,0
DA:131,0
DA:132,0
DA:133,0
DA:134,0
DA:135,0
DA:137,0
DA:151,0
DA:152,0
DA:153,0
DA:154,0
DA:156,0
DA:158,0
DA:159,0
DA:161,0
DA:162,0
DA:163,0
DA:164,0
DA:165,0
DA:171,0
DA:172,0
DA:173,0
DA:174,0
DA:175,0
DA:178,0
DA:191,0
DA:192,0
DA:193,0
DA:204,0
DA:207,0
DA:210,0
DA:211,0
DA:212,0
DA:213,0
DA:214,0
LF:70
LH:0
BRDA:22,0,0,0
BRDA:22,0,1,0
BRDA:27,1,0,0
BRDA:27,1,1,0
BRDA:27,1,2,0
BRDA:27,1,3,0
BRDA:45,2,0,0
BRDA:45,2,1,0
BRDA:45,3,0,0
BRDA:45,3,1,0
BRDA:62,4,0,0
BRDA:62,4,1,0
BRDA:92,5,0,0
BRDA:95,6,0,0
BRDA:95,6,1,0
BRDA:99,7,0,0
BRDA:99,7,1,0
BRDA:111,8,0,0
BRDA:114,9,0,0
BRDA:114,9,1,0
BRDA:118,10,0,0
BRDA:118,10,1,0
BRDA:130,11,0,0
BRDA:133,12,0,0
BRDA:133,12,1,0
BRDA:154,13,0,0
BRDA:154,13,1,0
BRDA:159,14,0,0
BRDA:159,14,1,0
BRDA:162,15,0,0
BRDA:162,15,1,0
BRDA:171,16,0,0
BRDA:171,16,1,0
BRDA:173,17,0,0
BRDA:173,17,1,0
BRDA:213,18,0,0
BRDA:213,18,1,0
BRF:37
BRH:0
end_of_record
TN:
SF:src/controllers/AuthController.ts
FN:56,(anonymous_1)
FN:93,(anonymous_2)
FN:146,(anonymous_3)
FN:201,(anonymous_4)
FN:240,(anonymous_5)
FN:270,(anonymous_6)
FNF:6
FNH:4
FNDA:17,(anonymous_1)
FNDA:11,(anonymous_2)
FNDA:6,(anonymous_3)
FNDA:0,(anonymous_4)
FNDA:0,(anonymous_5)
FNDA:5,(anonymous_6)
DA:18,2
DA:19,2
DA:20,2
DA:21,2
DA:36,2
DA:37,2
DA:40,2
DA:46,2
DA:58,17
DA:59,17
DA:60,17
DA:63,17
DA:64,6
DA:69,6
DA:73,11
DA:74,0
DA:75,0
DA:76,0
DA:81,0
DA:86,11
DA:94,11
DA:95,0
DA:96,0
DA:101,0
DA:105,11
DA:106,2
DA:107,2
DA:112,2
DA:116,9
DA:117,0
DA:123,0
DA:127,9
DA:129,9
DA:130,3
DA:131,3
DA:136,3
DA:140,6
DA:143,6
DA:147,6
DA:148,0
DA:154,6
DA:168,6
DA:171,6
DA:202,0
DA:204,0
DA:205,0
DA:211,0
DA:214,0
DA:216,0
DA:217,0
DA:218,0
DA:224,0
DA:241,0
DA:243,0
DA:244,0
DA:247,0
DA:250,0
DA:251,0
DA:252,0
DA:256,0
DA:257,0
DA:258,0
DA:264,0
DA:271,5
DA:272,5
DA:275,0
DA:276,0
LF:67
LH:35
BRDA:37,0,0,0
BRDA:37,0,1,2
BRDA:59,1,0,17
BRDA:59,1,1,4
BRDA:59,1,2,4
BRDA:60,2,0,17
BRDA:60,2,1,4
BRDA:63,3,0,6
BRDA:63,3,1,11
BRDA:63,4,0,17
BRDA:63,4,1,12
BRDA:73,5,0,0
BRDA:73,5,1,11
BRDA:75,6,0,0
BRDA:75,6,1,0
BRDA:94,7,0,0
BRDA:94,7,1,11
BRDA:105,8,0,2
BRDA:105,8,1,9
BRDA:116,9,0,0
BRDA:116,9,1,9
BRDA:116,10,0,9
BRDA:116,10,1,0
BRDA:129,11,0,3
BRDA:129,11,1,6
BRDA:147,12,0,0
BRDA:147,12,1,6
BRDA:168,13,0,6
BRDA:168,13,1,0
BRDA:182,14,0,6
BRDA:182,14,1,0
BRDA:204,15,0,0
BRDA:204,15,1,0
BRDA:243,16,0,0
BRDA:243,16,1,0
BRDA:250,17,0,0
BRDA:250,17,1,0
BRDA:256,18,0,0
BRDA:256,18,1,0
BRDA:271,19,0,5
BRDA:271,19,1,0
BRDA:275,20,0,0
BRDA:275,20,1,0
BRF:43
BRH:22
end_of_record
TN:
SF:src/controllers/CalendarController.ts
FN:8,(anonymous_0)
FN:52,(anonymous_1)
FN:66,(anonymous_2)
FN:86,(anonymous_3)
FNF:4
FNH:0
FNDA:0,(anonymous_0)
FNDA:0,(anonymous_1)
FNDA:0,(anonymous_2)
FNDA:0,(anonymous_3)
DA:2,0
DA:4,0
DA:9,0
DA:10,0
DA:12,0
DA:13,0
DA:14,0
DA:17,0
DA:19,0
DA:20,0
DA:21,0
DA:23,0
DA:24,0
DA:25,0
DA:28,0
DA:29,0
DA:30,0
DA:33,0
DA:35,0
DA:53,0
DA:54,0
DA:55,0
DA:58,0
DA:67,0
DA:68,0
DA:69,0
DA:71,0
DA:72,0
DA:73,0
DA:76,0
DA:77,0
DA:78,0
DA:81,0
DA:87,0
DA:88,0
DA:89,0
DA:92,0
DA:93,0
DA:94,0
DA:97,0
LF:40
LH:0
BRDA:12,0,0,0
BRDA:12,0,1,0
BRDA:23,1,0,0
BRDA:23,1,1,0
BRDA:28,2,0,0
BRDA:28,2,1,0
BRDA:33,3,0,0
BRDA:33,3,1,0
BRDA:53,4,0,0
BRDA:53,4,1,0
BRDA:58,5,0,0
BRDA:58,5,1,0
BRDA:69,6,0,0
BRDA:69,6,1,0
BRDA:71,7,0,0
BRDA:71,7,1,0
BRDA:76,8,0,0
BRDA:76,8,1,0
BRDA:76,9,0,0
BRDA:76,9,1,0
BRDA:87,10,0,0
BRDA:87,10,1,0
BRDA:92,11,0,0
BRDA:92,11,1,0
BRF:24
BRH:0
end_of_record
TN:
SF:src/controllers/ClinicController.ts
FN:9,(anonymous_0)
FN:12,(anonymous_1)
FN:68,(anonymous_2)
FN:90,(anonymous_3)
FN:104,(anonymous_4)
FN:127,(anonymous_5)
FN:151,(anonymous_6)
FN:161,(anonymous_7)
FN:177,(anonymous_8)
FN:187,(anonymous_9)
FN:230,(anonymous_10)
FN:259,(anonymous_11)
FNF:12
FNH:0
FNDA:0,(anonymous_0)
FNDA:0,(anonymous_1)
FNDA:0,(anonymous_2)
FNDA:0,(anonymous_3)
FNDA:0,(anonymous_4)
FNDA:0,(anonymous_5)
FNDA:0,(anonymous_6)
FNDA:0,(anonymous_7)
FNDA:0,(anonymous_8)
FNDA:0,(anonymous_9)
FNDA:0,(anonymous_10)
FNDA:0,(anonymous_11)
DA:2,0
DA:4,0
DA:10,0
DA:12,0
DA:13,0
DA:14,0
DA:15,0
DA:16,0
DA:19,0
DA:21,0
DA:43,0
DA:47,0
DA:48,0
DA:55,0
DA:56,0
DA:58,0
DA:59,0
DA:69,0
DA:70,0
DA:73,0
DA:74,0
DA:77,0
DA:81,0
DA:82,0
DA:83,0
DA:84,0
DA:87,0
DA:91,0
DA:92,0
DA:93,0
DA:94,0
DA:97,0
DA:99,0
DA:105,0
DA:106,0
DA:110,0
DA:111,0
DA:114,0
DA:115,0
DA:123,0
DA:128,0
DA:129,0
DA:130,0
DA:131,0
DA:134,0
DA:135,0
DA:152,0
DA:153,0
DA:154,0
DA:156,0
DA:158,0
DA:162,0
DA:163,0
DA:164,0
DA:167,0
DA:168,0
DA:169,0
DA:170,0
DA:172,0
DA:178,0
DA:179,0
DA:180,0
DA:183,0
DA:188,0
DA:189,0
DA:190,0
DA:193,0
DA:200,0
DA:206,0
DA:216,0
DA:224,0
DA:225,0
DA:231,0
DA:232,0
DA:235,0
DA:238,0
DA:249,0
DA:260,0
DA:261,0
DA:262,0
DA:265,0
LF:81
LH:0
BRDA:10,0,0,0
BRDA:10,0,1,0
BRDA:13,1,0,0
BRDA:13,1,1,0
BRDA:19,2,0,0
BRDA:19,2,1,0
BRDA:69,3,0,0
BRDA:69,3,1,0
BRDA:73,4,0,0
BRDA:73,4,1,0
BRDA:73,5,0,0
BRDA:73,5,1,0
BRDA:73,5,2,0
BRDA:73,5,3,0
BRDA:91,6,0,0
BRDA:91,6,1,0
BRDA:97,7,0,0
BRDA:97,7,1,0
BRDA:105,8,0,0
BRDA:105,8,1,0
BRDA:128,9,0,0
BRDA:128,9,1,0
BRDA:152,10,0,0
BRDA:152,10,1,0
BRDA:153,11,0,0
BRDA:153,11,1,0
BRDA:156,12,0,0
BRDA:156,12,1,0
BRDA:162,13,0,0
BRDA:162,13,1,0
BRDA:167,14,0,0
BRDA:167,14,1,0
BRDA:167,14,2,0
BRDA:168,15,0,0
BRDA:168,15,1,0
BRDA:168,15,2,0
BRDA:169,16,0,0
BRDA:169,16,1,0
BRDA:169,16,2,0
BRDA:170,17,0,0
BRDA:170,17,1,0
BRDA:170,17,2,0
BRDA:178,18,0,0
BRDA:178,18,1,0
BRDA:188,19,0,0
BRDA:188,19,1,0
BRDA:206,20,0,0
BRDA:206,20,1,0
BRDA:224,21,0,0
BRDA:224,21,1,0
BRDA:231,22,0,0
BRDA:231,22,1,0
BRDA:260,23,0,0
BRDA:260,23,1,0
BRF:54
BRH:0
end_of_record
TN:
SF:src/controllers/ClinicInfoController.ts
FN:12,(anonymous_0)
FN:38,(anonymous_1)
FN:124,(anonymous_2)
FN:147,(anonymous_3)
FN:159,(anonymous_4)
FN:194,(anonymous_5)
FN:210,(anonymous_6)
FN:222,(anonymous_7)
FN:246,(anonymous_8)
FN:258,(anonymous_9)
FNF:10
FNH:0
FNDA:0,(anonymous_0)
FNDA:0,(anonymous_1)
FNDA:0,(anonymous_2)
FNDA:0,(anonymous_3)
FNDA:0,(anonymous_4)
FNDA:0,(anonymous_5)
FNDA:0,(anonymous_6)
FNDA:0,(anonymous_7)
FNDA:0,(anonymous_8)
FNDA:0,(anonymous_9)
DA:2,0
DA:7,0
DA:13,0
DA:15,0
DA:16,0
DA:18,0
DA:19,0
DA:23,0
DA:26,0
DA:39,0
DA:40,0
DA:41,0
DA:44,0
DA:45,0
DA:49,0
DA:52,0
DA:53,0
DA:54,0
DA:56,0
DA:58,0
DA:59,0
DA:61,0
DA:62,0
DA:63,0
DA:64,0
DA:65,0
DA:68,0
DA:75,0
DA:111,0
DA:112,0
DA:125,0
DA:126,0
DA:128,0
DA:129,0
DA:133,0
DA:136,0
DA:148,0
DA:149,0
DA:150,0
DA:153,0
DA:160,0
DA:161,0
DA:162,0
DA:165,0
DA:181,0
DA:182,0
DA:195,0
DA:196,0
DA:197,0
DA:199,0
DA:200,0
DA:201,0
DA:204,0
DA:205,0
DA:206,0
DA:207,0
DA:210,0
DA:211,0
DA:212,0
DA:213,0
DA:216,0
DA:218,0
DA:223,0
DA:224,0
DA:225,0
DA:228,0
DA:247,0
DA:248,0
DA:250,0
DA:251,0
DA:252,0
DA:255,0
DA:259,0
DA:260,0
DA:261,0
DA:263,0
LF:76
LH:0
BRDA:18,0,0,0
BRDA:18,0,1,0
BRDA:39,1,0,0
BRDA:39,1,1,0
BRDA:44,2,0,0
BRDA:44,2,1,0
BRDA:52,3,0,0
BRDA:52,3,1,0
BRDA:53,4,0,0
BRDA:53,4,1,0
BRDA:54,5,0,0
BRDA:54,5,1,0
BRDA:56,6,0,0
BRDA:56,6,1,0
BRDA:62,7,0,0
BRDA:62,7,1,0
BRDA:62,8,0,0
BRDA:62,8,1,0
BRDA:128,9,0,0
BRDA:128,9,1,0
BRDA:148,10,0,0
BRDA:148,10,1,0
BRDA:160,11,0,0
BRDA:160,11,1,0
BRDA:168,12,0,0
BRDA:168,12,1,0
BRDA:169,13,0,0
BRDA:169,13,1,0
BRDA:170,14,0,0
BRDA:170,14,1,0
BRDA:171,15,0,0
BRDA:171,15,1,0
BRDA:172,16,0,0
BRDA:172,16,1,0
BRDA:173,17,0,0
BRDA:173,17,1,0
BRDA:197,18,0,0
BRDA:197,18,1,0
BRDA:199,19,0,0
BRDA:199,19,1,0
BRDA:199,20,0,0
BRDA:199,20,1,0
BRDA:205,21,0,0
BRDA:205,21,1,0
BRDA:211,22,0,0
BRDA:211,22,1,0
BRDA:216,23,0,0
BRDA:216,23,1,0
BRDA:221,24,0,0
BRDA:221,24,1,0
BRDA:223,25,0,0
BRDA:223,25,1,0
BRDA:248,26,0,0
BRDA:248,26,1,0
BRDA:250,27,0,0
BRDA:250,27,1,0
BRDA:259,28,0,0
BRDA:259,28,1,0
BRDA:263,29,0,0
BRDA:263,29,1,0
BRF:60
BRH:0
end_of_record
TN:
SF:src/controllers/FinancialController.ts
FN:16,(anonymous_0)
FN:29,(anonymous_1)
FN:43,(anonymous_2)
FN:55,(anonymous_3)
FN:74,(anonymous_4)
FN:128,(anonymous_5)
FN:158,(anonymous_6)
FN:184,(anonymous_7)
FN:256,(anonymous_8)
FN:275,(anonymous_9)
FN:287,(anonymous_10)
FN:306,(anonymous_11)
FN:338,(anonymous_12)
FN:344,(anonymous_13)
FN:362,(anonymous_14)
FN:409,(anonymous_15)
FN:415,(anonymous_16)
FN:421,(anonymous_17)
FNF:18
FNH:16
FNDA:2,(anonymous_0)
FNDA:2,(anonymous_1)
FNDA:2,(anonymous_2)
FNDA:2,(anonymous_3)
FNDA:27,(anonymous_4)
FNDA:110,(anonymous_5)
FNDA:20,(anonymous_6)
FNDA:0,(anonymous_7)
FNDA:0,(anonymous_8)
FNDA:1,(anonymous_9)
FNDA:1,(anonymous_10)
FNDA:1,(anonymous_11)
FNDA:1,(anonymous_12)
FNDA:1,(anonymous_13)
FNDA:5,(anonymous_14)
FNDA:4,(anonymous_15)
FNDA:4,(anonymous_16)
FNDA:4,(anonymous_17)
DA:2,1
DA:4,1
DA:5,1
DA:6,1
DA:17,2
DA:19,2
DA:20,0
DA:21,0
DA:24,2
DA:30,2
DA:31,0
DA:32,0
DA:35,2
DA:44,2
DA:45,2
DA:47,2
DA:48,0
DA:49,0
DA:52,2
DA:56,2
DA:57,0
DA:58,0
DA:61,2
DA:62,1
DA:63,1
DA:66,1
DA:75,27
DA:86,27
DA:88,27
DA:89,0
DA:90,0
DA:94,27
DA:95,2
DA:98,2
DA:102,25
DA:103,25
DA:104,1
DA:107,1
DA:111,24
DA:112,1
DA:115,1
DA:119,23
DA:120,1
DA:123,1
DA:126,22
DA:127,22
DA:128,22
DA:129,110
DA:132,22
DA:133,1
DA:134,1
DA:137,21
DA:138,1
DA:139,1
DA:142,20
DA:159,20
DA:160,0
DA:161,0
DA:164,20
DA:185,0
DA:186,0
DA:197,0
DA:199,0
DA:200,0
DA:201,0
DA:204,0
DA:205,0
DA:207,0
DA:208,0
DA:209,0
DA:211,0
DA:212,0
DA:213,0
DA:215,0
DA:216,0
DA:217,0
DA:219,0
DA:220,0
DA:221,0
DA:223,0
DA:224,0
DA:225,0
DA:227,0
DA:228,0
DA:229,0
DA:231,0
DA:232,0
DA:233,0
DA:235,0
DA:236,0
DA:237,0
DA:239,0
DA:240,0
DA:241,0
DA:244,0
DA:245,0
DA:246,0
DA:249,0
DA:251,0
DA:257,0
DA:258,0
DA:259,0
DA:262,0
DA:263,0
DA:264,0
DA:267,0
DA:276,1
DA:277,1
DA:279,1
DA:280,0
DA:281,0
DA:284,1
DA:288,1
DA:289,0
DA:290,0
DA:293,1
DA:294,1
DA:295,1
DA:298,0
DA:307,1
DA:309,1
DA:310,0
DA:311,0
DA:314,1
DA:327,1
DA:338,1
DA:339,1
DA:340,0
DA:341,0
DA:344,1
DA:345,1
DA:346,0
DA:347,0
DA:350,1
DA:363,5
DA:364,5
DA:366,5
DA:367,0
DA:368,0
DA:371,5
DA:372,1
DA:373,1
DA:376,4
DA:377,4
DA:379,4
DA:390,4
DA:399,4
DA:409,4
DA:410,4
DA:411,0
DA:412,0
DA:415,4
DA:416,4
DA:417,0
DA:418,0
DA:421,4
DA:422,4
DA:423,0
DA:424,0
DA:427,4
LF:160
LH:82
BRDA:19,0,0,0
BRDA:19,0,1,2
BRDA:30,1,0,0
BRDA:30,1,1,2
BRDA:35,2,0,2
BRDA:35,2,1,0
BRDA:47,3,0,0
BRDA:47,3,1,2
BRDA:56,4,0,0
BRDA:56,4,1,2
BRDA:61,5,0,1
BRDA:61,5,1,1
BRDA:83,6,0,1
BRDA:86,7,0,27
BRDA:86,7,1,0
BRDA:88,8,0,0
BRDA:88,8,1,27
BRDA:94,9,0,2
BRDA:94,9,1,25
BRDA:94,10,0,27
BRDA:94,10,1,27
BRDA:94,10,2,25
BRDA:94,10,3,25
BRDA:94,10,4,25
BRDA:103,11,0,1
BRDA:103,11,1,24
BRDA:111,12,0,1
BRDA:111,12,1,23
BRDA:111,13,0,24
BRDA:111,13,1,23
BRDA:119,14,0,1
BRDA:119,14,1,22
BRDA:132,15,0,1
BRDA:132,15,1,21
BRDA:137,16,0,1
BRDA:137,16,1,20
BRDA:148,17,0,20
BRDA:148,17,1,18
BRDA:149,18,0,20
BRDA:149,18,1,20
BRDA:155,19,0,20
BRDA:155,19,1,20
BRDA:156,20,0,20
BRDA:156,20,1,3
BRDA:159,21,0,0
BRDA:159,21,1,20
BRDA:167,22,0,20
BRDA:167,22,1,18
BRDA:168,23,0,20
BRDA:168,23,1,20
BRDA:174,24,0,20
BRDA:174,24,1,20
BRDA:175,25,0,20
BRDA:175,25,1,3
BRDA:197,26,0,0
BRDA:197,26,1,0
BRDA:199,27,0,0
BRDA:199,27,1,0
BRDA:207,28,0,0
BRDA:207,28,1,0
BRDA:209,29,0,0
BRDA:209,29,1,0
BRDA:211,30,0,0
BRDA:211,30,1,0
BRDA:213,31,0,0
BRDA:213,31,1,0
BRDA:215,32,0,0
BRDA:215,32,1,0
BRDA:219,33,0,0
BRDA:219,33,1,0
BRDA:223,34,0,0
BRDA:223,34,1,0
BRDA:227,35,0,0
BRDA:227,35,1,0
BRDA:231,36,0,0
BRDA:231,36,1,0
BRDA:235,37,0,0
BRDA:235,37,1,0
BRDA:237,38,0,0
BRDA:237,38,1,0
BRDA:239,39,0,0
BRDA:239,39,1,0
BRDA:241,40,0,0
BRDA:241,40,1,0
BRDA:244,41,0,0
BRDA:244,41,1,0
BRDA:257,42,0,0
BRDA:257,42,1,0
BRDA:262,43,0,0
BRDA:262,43,1,0
BRDA:279,44,0,0
BRDA:279,44,1,1
BRDA:288,45,0,0
BRDA:288,45,1,1
BRDA:293,46,0,1
BRDA:293,46,1,0
BRDA:309,47,0,0
BRDA:309,47,1,1
BRDA:339,48,0,0
BRDA:339,48,1,1
BRDA:345,49,0,0
BRDA:345,49,1,1
BRDA:351,50,0,1
BRDA:351,50,1,0
BRDA:352,51,0,1
BRDA:352,51,1,0
BRDA:353,52,0,1
BRDA:353,52,1,0
BRDA:366,53,0,0
BRDA:366,53,1,5
BRDA:371,54,0,1
BRDA:371,54,1,4
BRDA:371,55,0,5
BRDA:371,55,1,4
BRDA:410,56,0,0
BRDA:410,56,1,4
BRDA:416,57,0,0
BRDA:416,57,1,4
BRDA:422,58,0,0
BRDA:422,58,1,4
BRDA:429,59,0,4
BRDA:429,59,1,0
BRDA:430,60,0,4
BRDA:430,60,1,0
BRDA:431,61,0,4
BRDA:431,61,1,0
BRDA:433,62,0,4
BRDA:433,62,1,0
BRDA:434,63,0,4
BRDA:434,63,1,0
BRF:130
BRH:68
end_of_record
TN:
SF:src/controllers/LeadController.ts
FN:9,(anonymous_0)
FN:135,(anonymous_1)
FN:148,(anonymous_2)
FN:156,(anonymous_3)
FN:157,(anonymous_4)
FN:158,(anonymous_5)
FN:211,(anonymous_6)
FN:221,(anonymous_7)
FN:224,(anonymous_8)
FN:234,(anonymous_9)
FN:237,(anonymous_10)
FN:244,(anonymous_11)
FN:251,(anonymous_12)
FN:258,(anonymous_13)
FN:265,(anonymous_14)
FN:286,(anonymous_15)
FN:292,(anonymous_16)
FN:293,(anonymous_17)
FN:294,(anonymous_18)
FN:302,(anonymous_19)
FN:316,(anonymous_20)
FN:331,(anonymous_21)
FN:341,(anonymous_22)
FN:344,(anonymous_23)
FNF:24
FNH:24
FNDA:3,(anonymous_0)
FNDA:3,(anonymous_1)
FNDA:5,(anonymous_2)
FNDA:3,(anonymous_3)
FNDA:1,(anonymous_4)
FNDA:1,(anonymous_5)
FNDA:3,(anonymous_6)
FNDA:2,(anonymous_7)
FNDA:2,(anonymous_8)
FNDA:1,(anonymous_9)
FNDA:1,(anonymous_10)
FNDA:1,(anonymous_11)
FNDA:1,(anonymous_12)
FNDA:1,(anonymous_13)
FNDA:1,(anonymous_14)
FNDA:41,(anonymous_15)
FNDA:19,(anonymous_16)
FNDA:10,(anonymous_17)
FNDA:8,(anonymous_18)
FNDA:32,(anonymous_19)
FNDA:2,(anonymous_20)
FNDA:2,(anonymous_21)
FNDA:1,(anonymous_22)
FNDA:1,(anonymous_23)
DA:3,2
DA:4,2
DA:6,2
DA:10,3
DA:11,3
DA:12,3
DA:13,3
DA:14,3
DA:17,3
DA:18,3
DA:20,3
DA:21,3
DA:24,3
DA:25,0
DA:26,0
DA:29,3
DA:32,3
DA:33,1
DA:35,1
DA:36,0
DA:37,0
DA:38,0
DA:41,1
DA:44,2
DA:45,0
DA:46,0
DA:51,0
DA:52,0
DA:54,0
DA:55,0
DA:56,0
DA:59,0
DA:60,0
DA:61,0
DA:64,0
DA:67,2
DA:68,1
DA:71,1
DA:72,0
DA:74,0
DA:75,0
DA:77,0
DA:78,0
DA:80,0
DA:81,0
DA:83,0
DA:84,0
DA:86,0
DA:90,1
DA:94,1
DA:97,1
DA:98,0
DA:99,0
DA:102,1
DA:104,0
DA:122,1
DA:135,3
DA:136,3
DA:137,0
DA:138,0
DA:139,0
DA:142,3
DA:143,3
DA:149,5
DA:152,5
DA:153,5
DA:154,2
DA:155,2
DA:156,3
DA:157,1
DA:158,1
DA:159,2
DA:160,2
DA:163,3
DA:170,3
DA:171,3
DA:173,3
DA:174,2
DA:175,2
DA:176,2
DA:178,3
DA:179,1
DA:180,1
DA:182,3
DA:183,1
DA:184,1
DA:186,3
DA:187,1
DA:188,1
DA:190,3
DA:191,0
DA:192,0
DA:194,3
DA:195,1
DA:196,1
DA:198,3
DA:199,0
DA:200,0
DA:203,3
DA:204,0
DA:205,0
DA:208,3
DA:209,3
DA:211,3
DA:212,3
DA:213,0
DA:214,0
DA:216,3
DA:222,2
DA:224,2
DA:225,2
DA:226,0
DA:227,0
DA:229,2
DA:237,1
DA:238,1
DA:239,0
DA:240,0
DA:244,1
DA:245,1
DA:246,0
DA:247,0
DA:251,1
DA:252,1
DA:253,0
DA:254,0
DA:258,1
DA:259,1
DA:260,0
DA:261,0
DA:265,1
DA:266,1
DA:267,0
DA:268,0
DA:271,1
DA:288,41
DA:289,41
DA:290,9
DA:291,9
DA:292,19
DA:293,10
DA:294,8
DA:295,9
DA:296,9
DA:299,32
DA:301,32
DA:302,32
DA:303,32
DA:304,0
DA:305,0
DA:307,32
DA:312,32
DA:317,2
DA:318,2
DA:320,2
DA:321,2
DA:323,2
DA:324,1
DA:325,1
DA:328,2
DA:329,2
DA:331,2
DA:332,2
DA:333,0
DA:334,0
DA:336,2
DA:342,1
DA:344,1
DA:345,1
DA:346,0
DA:347,0
DA:349,1
LF:172
LH:114
BRDA:24,0,0,0
BRDA:24,0,1,3
BRDA:24,1,0,3
BRDA:24,1,1,3
BRDA:24,1,2,0
BRDA:32,2,0,1
BRDA:32,2,1,2
BRDA:35,3,0,0
BRDA:35,3,1,1
BRDA:35,4,0,1
BRDA:35,4,1,1
BRDA:35,4,2,0
BRDA:44,5,0,0
BRDA:44,5,1,2
BRDA:45,6,0,0
BRDA:45,6,1,0
BRDA:54,7,0,0
BRDA:54,7,1,0
BRDA:54,8,0,0
BRDA:54,8,1,0
BRDA:54,8,2,0
BRDA:59,9,0,0
BRDA:59,9,1,0
BRDA:67,10,0,1
BRDA:67,10,1,1
BRDA:71,11,0,0
BRDA:71,11,1,1
BRDA:71,12,0,1
BRDA:71,12,1,0
BRDA:72,13,0,0
BRDA:72,13,1,0
BRDA:72,13,2,0
BRDA:72,13,3,0
BRDA:72,13,4,0
BRDA:97,14,0,0
BRDA:97,14,1,1
BRDA:97,15,0,1
BRDA:97,15,1,1
BRDA:97,15,2,0
BRDA:102,16,0,0
BRDA:102,16,1,1
BRDA:136,17,0,0
BRDA:136,17,1,3
BRDA:142,18,0,3
BRDA:142,18,1,3
BRDA:142,19,0,3
BRDA:142,19,1,0
BRDA:153,20,0,2
BRDA:153,20,1,3
BRDA:155,21,0,2
BRDA:155,21,1,1
BRDA:173,22,0,2
BRDA:173,22,1,1
BRDA:178,23,0,1
BRDA:178,23,1,2
BRDA:182,24,0,1
BRDA:182,24,1,2
BRDA:186,25,0,1
BRDA:186,25,1,2
BRDA:190,26,0,0
BRDA:190,26,1,3
BRDA:194,27,0,1
BRDA:194,27,1,2
BRDA:198,28,0,0
BRDA:198,28,1,3
BRDA:203,29,0,0
BRDA:203,29,1,3
BRDA:212,30,0,0
BRDA:212,30,1,3
BRDA:225,31,0,0
BRDA:225,31,1,2
BRDA:238,32,0,0
BRDA:238,32,1,1
BRDA:245,33,0,0
BRDA:245,33,1,1
BRDA:252,34,0,0
BRDA:252,34,1,1
BRDA:259,35,0,0
BRDA:259,35,1,1
BRDA:266,36,0,0
BRDA:266,36,1,1
BRDA:289,37,0,9
BRDA:289,37,1,32
BRDA:291,38,0,9
BRDA:291,38,1,1
BRDA:303,39,0,0
BRDA:303,39,1,32
BRDA:323,40,0,1
BRDA:323,40,1,1
BRDA:332,41,0,0
BRDA:332,41,1,2
BRDA:345,42,0,0
BRDA:345,42,1,1
BRF:93
BRH:54
end_of_record
TN:
SF:src/controllers/MetricsController.ts
FN:6,(anonymous_0)
FN:9,(anonymous_1)
FN:10,(anonymous_2)
FN:16,(anonymous_3)
FN:17,(anonymous_4)
FN:26,(anonymous_5)
FN:32,(anonymous_6)
FN:39,(anonymous_7)
FN:45,(anonymous_8)
FNF:9
FNH:0
FNDA:0,(anonymous_0)
FNDA:0,(anonymous_1)
FNDA:0,(anonymous_2)
FNDA:0,(anonymous_3)
FNDA:0,(anonymous_4)
FNDA:0,(anonymous_5)
FNDA:0,(anonymous_6)
FNDA:0,(anonymous_7)
FNDA:0,(anonymous_8)
DA:2,0
DA:4,0
DA:7,0
DA:9,0
DA:10,0
DA:11,0
DA:12,0
DA:16,0
DA:17,0
DA:18,0
DA:19,0
DA:23,0
DA:26,0
DA:27,0
DA:33,0
DA:34,0
DA:39,0
DA:40,0
DA:46,0
DA:47,0
DA:51,0
DA:67,0
DA:68,0
LF:23
LH:0
BRDA:11,0,0,0
BRDA:11,0,1,0
BRDA:18,1,0,0
BRDA:18,1,1,0
BRDA:23,2,0,0
BRDA:23,2,1,0
BRDA:33,3,0,0
BRDA:33,3,1,0
BRDA:46,4,0,0
BRDA:46,4,1,0
BRF:10
BRH:0
end_of_record
TN:
SF:src/controllers/PatientController.ts
FN:11,(anonymous_0)
FN:29,(anonymous_1)
FN:48,(anonymous_2)
FN:66,(anonymous_3)
FN:84,(anonymous_4)
FN:88,(anonymous_5)
FN:93,(anonymous_6)
FN:112,(anonymous_7)
FN:131,(anonymous_8)
FN:132,(anonymous_9)
FN:137,(anonymous_10)
FN:144,(anonymous_11)
FN:153,(anonymous_12)
FN:163,(anonymous_13)
FN:170,(anonymous_14)
FNF:15
FNH:0
FNDA:0,(anonymous_0)
FNDA:0,(anonymous_1)
FNDA:0,(anonymous_2)
FNDA:0,(anonymous_3)
FNDA:0,(anonymous_4)
FNDA:0,(anonymous_5)
FNDA:0,(anonymous_6)
FNDA:0,(anonymous_7)
FNDA:0,(anonymous_8)
FNDA:0,(anonymous_9)
FNDA:0,(anonymous_10)
FNDA:0,(anonymous_11)
FNDA:0,(anonymous_12)
FNDA:0,(anonymous_13)
FNDA:0,(anonymous_14)
DA:2,0
DA:3,0
DA:4,0
DA:5,0
DA:7,0
DA:12,0
DA:13,0
DA:14,0
DA:16,0
DA:17,0
DA:18,0
DA:21,0
DA:22,0
DA:23,0
DA:26,0
DA:30,0
DA:31,0
DA:32,0
DA:35,0
DA:36,0
DA:37,0
DA:40,0
DA:49,0
DA:50,0
DA:51,0
DA:53,0
DA:54,0
DA:55,0
DA:58,0
DA:59,0
DA:60,0
DA:63,0
DA:67,0
DA:68,0
DA:69,0
DA:72,0
DA:73,0
DA:74,0
DA:77,0
DA:78,0
DA:83,0
DA:84,0
DA:88,0
DA:94,0
DA:97,0
DA:103,0
DA:113,0
DA:114,0
DA:115,0
DA:116,0
DA:117,0
DA:119,0
DA:120,0
DA:121,0
DA:124,0
DA:125,0
DA:126,0
DA:129,0
DA:131,0
DA:132,0
DA:133,0
DA:137,0
DA:138,0
DA:140,0
DA:145,0
DA:147,0
DA:149,0
DA:154,0
DA:156,0
DA:158,0
DA:164,0
DA:166,0
DA:167,0
DA:170,0
DA:171,0
DA:173,0
LF:76
LH:0
BRDA:14,0,0,0
BRDA:14,0,1,0
BRDA:16,1,0,0
BRDA:16,1,1,0
BRDA:21,2,0,0
BRDA:21,2,1,0
BRDA:30,3,0,0
BRDA:30,3,1,0
BRDA:35,4,0,0
BRDA:35,4,1,0
BRDA:53,5,0,0
BRDA:53,5,1,0
BRDA:58,6,0,0
BRDA:58,6,1,0
BRDA:67,7,0,0
BRDA:67,7,1,0
BRDA:72,8,0,0
BRDA:72,8,1,0
BRDA:117,9,0,0
BRDA:117,9,1,0
BRDA:119,10,0,0
BRDA:119,10,1,0
BRDA:119,11,0,0
BRDA:119,11,1,0
BRDA:124,12,0,0
BRDA:124,12,1,0
BRDA:129,13,0,0
BRDA:129,13,1,0
BRDA:133,14,0,0
BRDA:133,14,1,0
BRDA:143,15,0,0
BRDA:143,15,1,0
BRDA:143,16,0,0
BRDA:143,16,1,0
BRDA:145,17,0,0
BRDA:145,17,1,0
BRDA:154,18,0,0
BRDA:154,18,1,0
BRDA:164,19,0,0
BRDA:164,19,1,0
BRDA:166,20,0,0
BRDA:166,20,1,0
BRDA:171,21,0,0
BRDA:171,21,1,0
BRF:44
BRH:0
end_of_record
TN:
SF:src/controllers/PrescriptionController.ts
FN:9,(anonymous_0)
FN:41,(anonymous_1)
FNF:2
FNH:0
FNDA:0,(anonymous_0)
FNDA:0,(anonymous_1)
DA:2,0
DA:3,0
DA:5,0
DA:10,0
DA:11,0
DA:12,0
DA:14,0
DA:15,0
DA:16,0
DA:19,0
DA:20,0
DA:21,0
DA:24,0
DA:42,0
DA:43,0
DA:44,0
DA:47,0
DA:48,0
DA:49,0
DA:52,0
DA:53,0
DA:54,0
DA:55,0
DA:57,0
DA:61,0
DA:62,0
DA:63,0
DA:64,0
DA:66,0
DA:70,0
DA:79,0
DA:85,0
DA:86,0
DA:90,0
DA:91,0
DA:95,0
DA:97,0
LF:37
LH:0
BRDA:14,0,0,0
BRDA:14,0,1,0
BRDA:19,1,0,0
BRDA:19,1,1,0
BRDA:42,2,0,0
BRDA:42,2,1,0
BRDA:47,3,0,0
BRDA:47,3,1,0
BRDA:53,4,0,0
BRDA:53,4,1,0
BRDA:62,5,0,0
BRDA:62,5,1,0
BRDA:71,6,0,0
BRDA:71,6,1,0
BRDA:71,6,2,0
BRDA:72,7,0,0
BRDA:72,7,1,0
BRDA:72,7,2,0
BRDA:73,8,0,0
BRDA:73,8,1,0
BRDA:74,9,0,0
BRDA:74,9,1,0
BRDA:75,10,0,0
BRDA:75,10,1,0
BRDA:76,11,0,0
BRDA:76,11,1,0
BRDA:80,12,0,0
BRDA:80,12,1,0
BRDA:81,13,0,0
BRDA:81,13,1,0
BRDA:82,14,0,0
BRDA:82,14,1,0
BRDA:97,15,0,0
BRDA:97,15,1,0
BRF:34
BRH:0
end_of_record
TN:
SF:src/controllers/SaaSController.ts
FN:10,(anonymous_1)
FN:30,(anonymous_2)
FN:50,(anonymous_3)
FN:60,(anonymous_4)
FN:76,(anonymous_5)
FN:89,(anonymous_6)
FN:102,(anonymous_7)
FN:148,(anonymous_8)
FN:160,(anonymous_9)
FN:181,(anonymous_10)
FN:184,(anonymous_11)
FN:203,(anonymous_12)
FN:216,(anonymous_13)
FN:236,(anonymous_14)
FN:245,(anonymous_15)
FN:271,(anonymous_16)
FN:289,(anonymous_17)
FN:302,(anonymous_18)
FN:309,(anonymous_19)
FN:318,(anonymous_20)
FN:328,(anonymous_21)
FN:344,(anonymous_22)
FN:353,(anonymous_23)
FN:373,(anonymous_24)
FN:391,(anonymous_25)
FN:458,(anonymous_26)
FN:482,(anonymous_27)
FN:502,(anonymous_28)
FN:544,(anonymous_29)
FN:553,(anonymous_30)
FN:567,(anonymous_31)
FN:582,(anonymous_32)
FN:596,(anonymous_33)
FN:608,(anonymous_34)
FN:621,(anonymous_35)
FN:625,(anonymous_36)
FN:643,(anonymous_37)
FN:659,(anonymous_38)
FN:682,(anonymous_39)
FN:696,(anonymous_40)
FN:719,(anonymous_41)
FN:739,(anonymous_42)
FN:749,(anonymous_43)
FN:749,(anonymous_44)
FN:764,(anonymous_45)
FN:773,(anonymous_46)
FN:782,(anonymous_47)
FN:791,(anonymous_48)
FN:810,(anonymous_49)
FN:836,(anonymous_50)
FN:839,(anonymous_51)
FN:840,(anonymous_52)
FN:852,(anonymous_53)
FN:858,(anonymous_54)
FN:864,(anonymous_55)
FN:870,(anonymous_56)
FNF:56
FNH:0
FNDA:0,(anonymous_1)
FNDA:0,(anonymous_2)
FNDA:0,(anonymous_3)
FNDA:0,(anonymous_4)
FNDA:0,(anonymous_5)
FNDA:0,(anonymous_6)
FNDA:0,(anonymous_7)
FNDA:0,(anonymous_8)
FNDA:0,(anonymous_9)
FNDA:0,(anonymous_10)
FNDA:0,(anonymous_11)
FNDA:0,(anonymous_12)
FNDA:0,(anonymous_13)
FNDA:0,(anonymous_14)
FNDA:0,(anonymous_15)
FNDA:0,(anonymous_16)
FNDA:0,(anonymous_17)
FNDA:0,(anonymous_18)
FNDA:0,(anonymous_19)
FNDA:0,(anonymous_20)
FNDA:0,(anonymous_21)
FNDA:0,(anonymous_22)
FNDA:0,(anonymous_23)
FNDA:0,(anonymous_24)
FNDA:0,(anonymous_25)
FNDA:0,(anonymous_26)
FNDA:0,(anonymous_27)
FNDA:0,(anonymous_28)
FNDA:0,(anonymous_29)
FNDA:0,(anonymous_30)
FNDA:0,(anonymous_31)
FNDA:0,(anonymous_32)
FNDA:0,(anonymous_33)
FNDA:0,(anonymous_34)
FNDA:0,(anonymous_35)
FNDA:0,(anonymous_36)
FNDA:0,(anonymous_37)
FNDA:0,(anonymous_38)
FNDA:0,(anonymous_39)
FNDA:0,(anonymous_40)
FNDA:0,(anonymous_41)
FNDA:0,(anonymous_42)
FNDA:0,(anonymous_43)
FNDA:0,(anonymous_44)
FNDA:0,(anonymous_45)
FNDA:0,(anonymous_46)
FNDA:0,(anonymous_47)
FNDA:0,(anonymous_48)
FNDA:0,(anonymous_49)
FNDA:0,(anonymous_50)
FNDA:0,(anonymous_51)
FNDA:0,(anonymous_52)
FNDA:0,(anonymous_53)
FNDA:0,(anonymous_54)
FNDA:0,(anonymous_55)
FNDA:0,(anonymous_56)
DA:2,1
DA:3,1
DA:5,1
DA:11,0
DA:31,0
DA:32,0
DA:33,0
DA:34,0
DA:37,0
DA:38,0
DA:51,0
DA:54,0
DA:55,0
DA:56,0
DA:60,0
DA:61,0
DA:62,0
DA:63,0
DA:66,0
DA:67,0
DA:68,0
DA:71,0
DA:73,0
DA:76,0
DA:78,0
DA:90,0
DA:91,0
DA:92,0
DA:95,0
DA:98,0
DA:103,0
DA:105,0
DA:106,0
DA:110,0
DA:113,0
DA:117,0
DA:138,0
DA:139,0
DA:149,0
DA:150,0
DA:152,0
DA:153,0
DA:154,0
DA:157,0
DA:161,0
DA:162,0
DA:163,0
DA:166,0
DA:167,0
DA:168,0
DA:171,0
DA:172,0
DA:182,0
DA:184,0
DA:185,0
DA:186,0
DA:187,0
DA:190,0
DA:191,0
DA:192,0
DA:195,0
DA:204,0
DA:205,0
DA:207,0
DA:217,0
DA:218,0
DA:219,0
DA:222,0
DA:223,0
DA:224,0
DA:227,0
DA:237,0
DA:240,0
DA:241,0
DA:242,0
DA:245,0
DA:246,0
DA:247,0
DA:248,0
DA:251,0
DA:252,0
DA:253,0
DA:256,0
DA:257,0
DA:273,0
DA:280,0
DA:290,0
DA:291,0
DA:292,0
DA:296,0
DA:303,0
DA:304,0
DA:305,0
DA:309,0
DA:310,0
DA:311,0
DA:315,0
DA:319,0
DA:320,0
DA:321,0
DA:325,0
DA:329,0
DA:330,0
DA:331,0
DA:335,0
DA:345,0
DA:346,0
DA:349,0
DA:352,0
DA:353,0
DA:357,0
DA:367,0
DA:374,0
DA:375,0
DA:378,0
DA:381,0
DA:385,0
DA:391,0
DA:459,0
DA:460,0
DA:462,0
DA:464,0
DA:465,0
DA:469,0
DA:473,0
DA:474,0
DA:475,0
DA:479,0
DA:483,0
DA:484,0
DA:485,0
DA:488,0
DA:489,0
DA:490,0
DA:493,0
DA:496,0
DA:503,0
DA:504,0
DA:505,0
DA:508,0
DA:509,0
DA:510,0
DA:513,0
DA:517,0
DA:521,0
DA:545,0
DA:554,0
DA:555,0
DA:556,0
DA:558,0
DA:568,0
DA:583,0
DA:584,0
DA:585,0
DA:587,0
DA:597,0
DA:598,0
DA:600,0
DA:601,0
DA:602,0
DA:605,0
DA:609,0
DA:610,0
DA:611,0
DA:614,0
DA:615,0
DA:616,0
DA:619,0
DA:621,0
DA:622,0
DA:626,0
DA:627,0
DA:628,0
DA:630,0
DA:635,0
DA:636,0
DA:637,0
DA:640,0
DA:644,0
DA:645,0
DA:646,0
DA:648,0
DA:660,0
DA:661,0
DA:662,0
DA:664,0
DA:665,0
DA:667,0
DA:668,0
DA:669,0
DA:672,0
DA:673,0
DA:674,0
DA:677,0
DA:679,0
DA:683,0
DA:684,0
DA:685,0
DA:687,0
DA:697,0
DA:698,0
DA:699,0
DA:701,0
DA:702,0
DA:704,0
DA:705,0
DA:706,0
DA:709,0
DA:710,0
DA:711,0
DA:714,0
DA:716,0
DA:720,0
DA:721,0
DA:722,0
DA:725,0
DA:739,0
DA:740,0
DA:741,0
DA:742,0
DA:743,0
DA:745,0
DA:748,0
DA:749,0
DA:752,0
DA:753,0
DA:754,0
DA:755,0
DA:765,0
DA:774,0
DA:775,0
DA:776,0
DA:779,0
DA:783,0
DA:784,0
DA:785,0
DA:788,0
DA:792,0
DA:793,0
DA:794,0
DA:797,0
DA:811,0
DA:812,0
DA:813,0
DA:816,0
DA:837,0
DA:840,0
DA:841,0
DA:842,0
DA:843,0
DA:844,0
DA:846,0
DA:849,0
DA:851,0
DA:852,0
DA:853,0
DA:856,0
DA:857,0
DA:858,0
DA:859,0
DA:862,0
DA:863,0
DA:864,0
DA:865,0
DA:868,0
DA:869,0
DA:870,0
DA:871,0
DA:885,0
DA:886,0
DA:887,0
DA:888,0
LF:272
LH:3
BRDA:31,0,0,0
BRDA:31,0,1,0
BRDA:54,1,0,0
BRDA:54,1,1,0
BRDA:54,2,0,0
BRDA:54,2,1,0
BRDA:54,2,2,0
BRDA:54,2,3,0
BRDA:54,2,4,0
BRDA:61,3,0,0
BRDA:61,3,1,0
BRDA:66,4,0,0
BRDA:66,4,1,0
BRDA:84,5,0,0
BRDA:84,5,1,0
BRDA:85,6,0,0
BRDA:85,6,1,0
BRDA:90,7,0,0
BRDA:90,7,1,0
BRDA:103,8,0,0
BRDA:103,8,1,0
BRDA:123,9,0,0
BRDA:123,9,1,0
BRDA:124,10,0,0
BRDA:124,10,1,0
BRDA:152,11,0,0
BRDA:152,11,1,0
BRDA:161,12,0,0
BRDA:161,12,1,0
BRDA:166,13,0,0
BRDA:166,13,1,0
BRDA:185,14,0,0
BRDA:185,14,1,0
BRDA:190,15,0,0
BRDA:190,15,1,0
BRDA:217,16,0,0
BRDA:217,16,1,0
BRDA:222,17,0,0
BRDA:222,17,1,0
BRDA:240,18,0,0
BRDA:240,18,1,0
BRDA:246,19,0,0
BRDA:246,19,1,0
BRDA:251,20,0,0
BRDA:251,20,1,0
BRDA:290,21,0,0
BRDA:290,21,1,0
BRDA:303,22,0,0
BRDA:303,22,1,0
BRDA:310,23,0,0
BRDA:310,23,1,0
BRDA:319,24,0,0
BRDA:319,24,1,0
BRDA:329,25,0,0
BRDA:329,25,1,0
BRDA:345,26,0,0
BRDA:345,26,1,0
BRDA:357,27,0,0
BRDA:357,27,1,0
BRDA:374,28,0,0
BRDA:374,28,1,0
BRDA:413,29,0,0
BRDA:413,29,1,0
BRDA:423,30,0,0
BRDA:423,30,1,0
BRDA:464,31,0,0
BRDA:464,31,1,0
BRDA:464,32,0,0
BRDA:464,32,1,0
BRDA:473,33,0,0
BRDA:473,33,1,0
BRDA:483,34,0,0
BRDA:483,34,1,0
BRDA:488,35,0,0
BRDA:488,35,1,0
BRDA:503,36,0,0
BRDA:503,36,1,0
BRDA:508,37,0,0
BRDA:508,37,1,0
BRDA:513,38,0,0
BRDA:513,38,1,0
BRDA:532,39,0,0
BRDA:532,39,1,0
BRDA:554,40,0,0
BRDA:554,40,1,0
BRDA:583,41,0,0
BRDA:583,41,1,0
BRDA:587,42,0,0
BRDA:587,42,1,0
BRDA:600,43,0,0
BRDA:600,43,1,0
BRDA:609,44,0,0
BRDA:609,44,1,0
BRDA:614,45,0,0
BRDA:614,45,1,0
BRDA:626,46,0,0
BRDA:626,46,1,0
BRDA:635,47,0,0
BRDA:635,47,1,0
BRDA:644,48,0,0
BRDA:644,48,1,0
BRDA:660,49,0,0
BRDA:660,49,1,0
BRDA:661,50,0,0
BRDA:661,50,1,0
BRDA:662,51,0,0
BRDA:662,51,1,0
BRDA:667,52,0,0
BRDA:667,52,1,0
BRDA:672,53,0,0
BRDA:672,53,1,0
BRDA:677,54,0,0
BRDA:677,54,1,0
BRDA:683,55,0,0
BRDA:683,55,1,0
BRDA:687,56,0,0
BRDA:687,56,1,0
BRDA:697,57,0,0
BRDA:697,57,1,0
BRDA:698,58,0,0
BRDA:698,58,1,0
BRDA:699,59,0,0
BRDA:699,59,1,0
BRDA:704,60,0,0
BRDA:704,60,1,0
BRDA:709,61,0,0
BRDA:709,61,1,0
BRDA:714,62,0,0
BRDA:714,62,1,0
BRDA:720,63,0,0
BRDA:720,63,1,0
BRDA:740,64,0,0
BRDA:740,64,1,0
BRDA:740,65,0,0
BRDA:740,65,1,0
BRDA:742,66,0,0
BRDA:742,66,1,0
BRDA:749,67,0,0
BRDA:749,67,1,0
BRDA:774,68,0,0
BRDA:774,68,1,0
BRDA:783,69,0,0
BRDA:783,69,1,0
BRDA:792,70,0,0
BRDA:792,70,1,0
BRDA:811,71,0,0
BRDA:811,71,1,0
BRDA:817,72,0,0
BRDA:817,72,1,0
BRDA:818,73,0,0
BRDA:818,73,1,0
BRDA:819,74,0,0
BRDA:819,74,1,0
BRDA:820,75,0,0
BRDA:820,75,1,0
BRDA:841,76,0,0
BRDA:841,76,1,0
BRDA:841,77,0,0
BRDA:841,77,1,0
BRDA:843,78,0,0
BRDA:843,78,1,0
BRDA:852,79,0,0
BRDA:852,79,1,0
BRDA:858,80,0,0
BRDA:858,80,1,0
BRDA:864,81,0,0
BRDA:864,81,1,0
BRDA:870,82,0,0
BRDA:870,82,1,0
BRF:169
BRH:0
end_of_record
TN:
SF:src/controllers/UserController.ts
FN:16,(anonymous_1)
FN:33,(anonymous_2)
FN:88,(anonymous_3)
FN:92,(anonymous_4)
FN:104,(anonymous_5)
FN:111,(anonymous_6)
FN:112,(anonymous_7)
FN:113,(anonymous_8)
FN:126,(anonymous_9)
FN:146,(anonymous_10)
FN:157,(anonymous_11)
FN:174,(anonymous_12)
FN:200,(anonymous_13)
FNF:13
FNH:0
FNDA:0,(anonymous_1)
FNDA:0,(anonymous_2)
FNDA:0,(anonymous_3)
FNDA:0,(anonymous_4)
FNDA:0,(anonymous_5)
FNDA:0,(anonymous_6)
FNDA:0,(anonymous_7)
FNDA:0,(anonymous_8)
FNDA:0,(anonymous_9)
FNDA:0,(anonymous_10)
FNDA:0,(anonymous_11)
FNDA:0,(anonymous_12)
FNDA:0,(anonymous_13)
DA:2,0
DA:3,0
DA:4,0
DA:5,0
DA:6,0
DA:8,0
DA:17,0
DA:19,0
DA:20,0
DA:22,0
DA:23,0
DA:27,0
DA:30,0
DA:34,0
DA:35,0
DA:36,0
DA:40,0
DA:43,0
DA:44,0
DA:48,0
DA:51,0
DA:53,0
DA:54,0
DA:66,0
DA:78,0
DA:89,0
DA:93,0
DA:94,0
DA:95,0
DA:96,0
DA:98,0
DA:106,0
DA:107,0
DA:108,0
DA:110,0
DA:111,0
DA:112,0
DA:113,0
DA:114,0
DA:115,0
DA:118,0
DA:121,0
DA:123,0
DA:127,0
DA:128,0
DA:129,0
DA:131,0
DA:133,0
DA:136,0
DA:147,0
DA:150,0
DA:151,0
DA:154,0
DA:157,0
DA:158,0
DA:159,0
DA:160,0
DA:161,0
DA:164,0
DA:165,0
DA:167,0
DA:168,0
DA:175,0
DA:176,0
DA:178,0
DA:179,0
DA:180,0
DA:183,0
DA:184,0
DA:185,0
DA:188,0
DA:201,0
DA:202,0
DA:203,0
DA:206,0
LF:75
LH:0
BRDA:20,0,0,0
BRDA:20,0,1,0
BRDA:22,1,0,0
BRDA:22,1,1,0
BRDA:22,2,0,0
BRDA:22,2,1,0
BRDA:34,3,0,0
BRDA:34,3,1,0
BRDA:43,4,0,0
BRDA:43,4,1,0
BRDA:53,5,0,0
BRDA:53,5,1,0
BRDA:60,6,0,0
BRDA:60,6,1,0
BRDA:93,7,0,0
BRDA:93,7,1,0
BRDA:107,8,0,0
BRDA:107,8,1,0
BRDA:110,9,0,0
BRDA:110,9,1,0
BRDA:127,10,0,0
BRDA:127,10,1,0
BRDA:128,11,0,0
BRDA:128,11,1,0
BRDA:150,12,0,0
BRDA:150,12,1,0
BRDA:158,13,0,0
BRDA:158,13,1,0
BRDA:164,14,0,0
BRDA:164,14,1,0
BRDA:176,15,0,0
BRDA:176,15,1,0
BRDA:178,16,0,0
BRDA:178,16,1,0
BRDA:183,17,0,0
BRDA:183,17,1,0
BRDA:183,18,0,0
BRDA:183,18,1,0
BRDA:195,19,0,0
BRDA:195,19,1,0
BRDA:196,20,0,0
BRDA:196,20,1,0
BRDA:197,21,0,0
BRDA:197,21,1,0
BRDA:201,22,0,0
BRDA:201,22,1,0
BRDA:209,23,0,0
BRDA:209,23,1,0
BRDA:210,24,0,0
BRDA:210,24,1,0
BRDA:211,25,0,0
BRDA:211,25,1,0
BRF:52
BRH:0
end_of_record
TN:
SF:src/database/index.ts
FN:15,getDatabasePath
FN:51,(anonymous_2)
FN:60,(anonymous_3)
FN:72,initDb
FN:92,(anonymous_5)
FN:131,(anonymous_6)
FN:174,(anonymous_7)
FN:183,(anonymous_8)
FN:198,(anonymous_9)
FN:233,(anonymous_10)
FN:257,(anonymous_11)
FN:289,(anonymous_12)
FN:317,(anonymous_13)
FN:360,ensurePatientStatusSchema
FN:364,(anonymous_15)
FN:383,(anonymous_16)
FN:474,ensureUserDocumentColumns
FN:475,(anonymous_18)
FN:481,(anonymous_19)
FN:495,ensureUserClinicColumns
FN:496,(anonymous_21)
FN:502,(anonymous_22)
FN:514,(anonymous_23)
FN:529,ensureClinicDocumentColumns
FN:530,(anonymous_25)
FN:536,(anonymous_26)
FN:551,addColumnIfNotExists
FN:552,(anonymous_28)
FN:558,(anonymous_29)
FN:561,(anonymous_30)
FN:572,createUpdateTrigger
FN:573,(anonymous_32)
FN:586,(anonymous_33)
FN:598,createStatusUpdateTrigger
FN:599,(anonymous_35)
FN:616,(anonymous_36)
FNF:36
FNH:30
FNDA:5,getDatabasePath
FNDA:4,(anonymous_2)
FNDA:4,(anonymous_3)
FNDA:4,initDb
FNDA:4,(anonymous_5)
FNDA:4,(anonymous_6)
FNDA:4,(anonymous_7)
FNDA:4,(anonymous_8)
FNDA:0,(anonymous_9)
FNDA:0,(anonymous_10)
FNDA:0,(anonymous_11)
FNDA:4,(anonymous_12)
FNDA:4,(anonymous_13)
FNDA:4,ensurePatientStatusSchema
FNDA:4,(anonymous_15)
FNDA:0,(anonymous_16)
FNDA:4,ensureUserDocumentColumns
FNDA:4,(anonymous_18)
FNDA:52,(anonymous_19)
FNDA:8,ensureUserClinicColumns
FNDA:8,(anonymous_21)
FNDA:104,(anonymous_22)
FNDA:0,(anonymous_23)
FNDA:4,ensureClinicDocumentColumns
FNDA:4,(anonymous_25)
FNDA:64,(anonymous_26)
FNDA:44,addColumnIfNotExists
FNDA:44,(anonymous_28)
FNDA:704,(anonymous_29)
FNDA:0,(anonymous_30)
FNDA:4,createUpdateTrigger
FNDA:4,(anonymous_32)
FNDA:4,(anonymous_33)
FNDA:4,createStatusUpdateTrigger
FNDA:4,(anonymous_35)
FNDA:4,(anonymous_36)
DA:1,5
DA:2,5
DA:3,5
DA:4,5
DA:7,5
DA:16,5
DA:21,5
DA:23,5
DA:24,5
DA:25,5
DA:27,0
DA:28,0
DA:29,0
DA:32,0
DA:33,0
DA:34,0
DA:38,5
DA:41,5
DA:42,5
DA:44,5
DA:47,5
DA:51,5
DA:52,4
DA:53,0
DA:54,0
DA:56,4
DA:59,4
DA:60,4
DA:61,4
DA:62,0
DA:67,4
DA:74,4
DA:93,4
DA:94,0
DA:96,4
DA:97,4
DA:98,4
DA:99,4
DA:101,4
DA:110,4
DA:132,4
DA:133,0
DA:135,4
DA:138,4
DA:139,4
DA:140,4
DA:141,4
DA:142,4
DA:143,4
DA:144,4
DA:145,4
DA:146,4
DA:147,4
DA:148,4
DA:150,4
DA:151,4
DA:156,4
DA:157,4
DA:163,4
DA:175,4
DA:176,0
DA:178,4
DA:180,4
DA:183,4
DA:184,4
DA:186,0
DA:199,0
DA:200,0
DA:205,0
DA:206,0
DA:209,0
DA:217,0
DA:234,0
DA:235,0
DA:240,0
DA:241,0
DA:244,0
DA:247,0
DA:253,0
DA:254,0
DA:258,0
DA:259,0
DA:261,0
DA:268,4
DA:276,4
DA:290,4
DA:291,0
DA:293,4
DA:299,4
DA:318,4
DA:319,0
DA:321,4
DA:322,4
DA:325,4
DA:326,4
DA:329,4
DA:332,4
DA:335,4
DA:338,4
DA:343,4
DA:354,4
DA:355,4
DA:356,4
DA:357,4
DA:361,4
DA:365,4
DA:366,0
DA:367,0
DA:370,4
DA:372,3
DA:374,3
DA:379,3
DA:381,0
DA:383,0
DA:384,0
DA:385,0
DA:409,0
DA:428,0
DA:430,0
DA:431,0
DA:434,0
DA:435,0
DA:437,0
DA:438,0
DA:475,4
DA:476,4
DA:477,0
DA:478,0
DA:481,52
DA:483,4
DA:484,0
DA:486,4
DA:487,0
DA:489,4
DA:490,0
DA:496,8
DA:497,8
DA:498,0
DA:499,0
DA:502,104
DA:504,8
DA:505,0
DA:507,8
DA:508,0
DA:510,8
DA:511,0
DA:513,8
DA:514,0
DA:515,0
DA:516,0
DA:518,0
DA:523,8
DA:524,8
DA:525,8
DA:530,4
DA:531,4
DA:532,0
DA:533,0
DA:536,64
DA:538,4
DA:539,0
DA:541,4
DA:542,0
DA:544,4
DA:545,0
DA:552,44
DA:553,44
DA:554,0
DA:555,0
DA:558,704
DA:559,44
DA:561,0
DA:562,0
DA:563,0
DA:565,0
DA:573,4
DA:574,4
DA:575,0
DA:578,4
DA:587,4
DA:588,0
DA:590,4
DA:599,4
DA:600,4
DA:601,0
DA:604,4
DA:617,4
DA:618,0
DA:620,4
DA:627,5
LF:190
LH:115
BRDA:16,0,0,5
BRDA:16,0,1,0
BRDA:21,1,0,5
BRDA:21,1,1,0
BRDA:21,1,2,0
BRDA:21,1,3,0
BRDA:38,2,0,0
BRDA:38,2,1,5
BRDA:38,3,0,5
BRDA:38,3,1,5
BRDA:52,4,0,0
BRDA:52,4,1,4
BRDA:59,5,0,4
BRDA:59,5,1,0
BRDA:61,6,0,0
BRDA:61,6,1,4
BRDA:93,7,0,0
BRDA:93,7,1,4
BRDA:132,8,0,0
BRDA:132,8,1,4
BRDA:175,9,0,0
BRDA:175,9,1,4
BRDA:184,10,0,0
BRDA:184,10,1,4
BRDA:199,11,0,0
BRDA:199,11,1,0
BRDA:234,12,0,0
BRDA:234,12,1,0
BRDA:258,13,0,0
BRDA:258,13,1,0
BRDA:290,14,0,0
BRDA:290,14,1,4
BRDA:318,15,0,0
BRDA:318,15,1,4
BRDA:365,16,0,0
BRDA:365,16,1,4
BRDA:370,17,0,1
BRDA:370,17,1,3
BRDA:374,18,0,3
BRDA:374,18,1,3
BRDA:374,18,2,3
BRDA:374,18,3,3
BRDA:379,19,0,3
BRDA:379,19,1,0
BRDA:476,20,0,0
BRDA:476,20,1,4
BRDA:481,21,0,4
BRDA:481,21,1,0
BRDA:483,22,0,0
BRDA:483,22,1,4
BRDA:486,23,0,0
BRDA:486,23,1,4
BRDA:489,24,0,0
BRDA:489,24,1,4
BRDA:497,25,0,0
BRDA:497,25,1,8
BRDA:502,26,0,8
BRDA:502,26,1,0
BRDA:504,27,0,0
BRDA:504,27,1,8
BRDA:507,28,0,0
BRDA:507,28,1,8
BRDA:510,29,0,0
BRDA:510,29,1,8
BRDA:513,30,0,0
BRDA:513,30,1,8
BRDA:515,31,0,0
BRDA:515,31,1,0
BRDA:531,32,0,0
BRDA:531,32,1,4
BRDA:536,33,0,4
BRDA:536,33,1,0
BRDA:538,34,0,0
BRDA:538,34,1,4
BRDA:541,35,0,0
BRDA:541,35,1,4
BRDA:544,36,0,0
BRDA:544,36,1,4
BRDA:553,37,0,0
BRDA:553,37,1,44
BRDA:558,38,0,44
BRDA:558,38,1,0
BRDA:559,39,0,44
BRDA:559,39,1,0
BRDA:562,40,0,0
BRDA:562,40,1,0
BRDA:574,41,0,0
BRDA:574,41,1,4
BRDA:574,42,0,4
BRDA:574,42,1,0
BRDA:587,43,0,0
BRDA:587,43,1,4
BRDA:600,44,0,0
BRDA:600,44,1,4
BRDA:600,45,0,4
BRDA:600,45,1,0
BRDA:617,46,0,0
BRDA:617,46,1,4
BRF:98
BRH:47
end_of_record
TN:
SF:src/database/medicalRecords.repository.ts
FN:15,(anonymous_0)
FN:16,(anonymous_1)
FN:22,(anonymous_2)
FN:30,(anonymous_3)
FN:33,(anonymous_4)
FN:44,(anonymous_5)
FN:52,(anonymous_6)
FN:53,(anonymous_7)
FN:57,(anonymous_8)
FNF:9
FNH:0
FNDA:0,(anonymous_0)
FNDA:0,(anonymous_1)
FNDA:0,(anonymous_2)
FNDA:0,(anonymous_3)
FNDA:0,(anonymous_4)
FNDA:0,(anonymous_5)
FNDA:0,(anonymous_6)
FNDA:0,(anonymous_7)
FNDA:0,(anonymous_8)
DA:1,0
DA:14,0
DA:16,0
DA:17,0
DA:23,0
DA:24,0
DA:33,0
DA:34,0
DA:45,0
DA:46,0
DA:53,0
DA:54,0
DA:58,0
DA:59,0
LF:14
LH:0
BRDA:23,0,0,0
BRDA:23,0,1,0
BRDA:24,1,0,0
BRDA:24,1,1,0
BRDA:45,2,0,0
BRDA:45,2,1,0
BRDA:58,3,0,0
BRDA:58,3,1,0
BRF:8
BRH:0
end_of_record
TN:
SF:src/database/prescriptions.repository.ts
FN:15,(anonymous_0)
FN:16,(anonymous_1)
FN:22,(anonymous_2)
FN:30,(anonymous_3)
FN:33,(anonymous_4)
FN:44,(anonymous_5)
FN:52,(anonymous_6)
FN:53,(anonymous_7)
FN:57,(anonymous_8)
FNF:9
FNH:0
FNDA:0,(anonymous_0)
FNDA:0,(anonymous_1)
FNDA:0,(anonymous_2)
FNDA:0,(anonymous_3)
FNDA:0,(anonymous_4)
FNDA:0,(anonymous_5)
FNDA:0,(anonymous_6)
FNDA:0,(anonymous_7)
FNDA:0,(anonymous_8)
DA:1,0
DA:14,0
DA:16,0
DA:17,0
DA:23,0
DA:24,0
DA:33,0
DA:34,0
DA:45,0
DA:46,0
DA:53,0
DA:54,0
DA:58,0
DA:59,0
LF:14
LH:0
BRDA:23,0,0,0
BRDA:23,0,1,0
BRDA:24,1,0,0
BRDA:24,1,1,0
BRDA:45,2,0,0
BRDA:45,2,1,0
BRDA:58,3,0,0
BRDA:58,3,1,0
BRF:8
BRH:0
end_of_record
TN:
SF:src/middleware/audit.middleware.ts
FN:6,shouldLog
FN:12,auditLogger
FN:15,(anonymous_2)
FN:47,(anonymous_3)
FNF:4
FNH:4
FNDA:52,shouldLog
FNDA:52,auditLogger
FNDA:52,(anonymous_2)
FNDA:38,(anonymous_3)
DA:2,4
DA:4,4
DA:7,52
DA:8,14
DA:9,14
DA:12,4
DA:13,52
DA:15,52
DA:16,52
DA:17,14
DA:20,38
DA:24,38
DA:48,38
DA:49,0
DA:55,52
LF:15
LH:14
BRDA:7,0,0,38
BRDA:7,0,1,14
BRDA:8,1,0,0
BRDA:8,1,1,14
BRDA:16,2,0,14
BRDA:16,2,1,38
BRDA:16,3,0,52
BRDA:16,3,1,52
BRDA:37,4,0,38
BRDA:37,4,1,0
BRDA:48,5,0,0
BRDA:48,5,1,38
BRF:12
BRH:9
end_of_record
TN:
SF:src/middleware/auth.middleware.ts
FN:4,(anonymous_1)
FNF:1
FNH:0
FNDA:0,(anonymous_1)
DA:2,0
DA:4,0
DA:5,0
DA:6,0
DA:7,0
DA:8,0
DA:11,0
DA:13,0
DA:14,0
DA:15,0
DA:16,0
DA:18,0
LF:12
LH:0
BRDA:6,0,0,0
BRDA:6,0,1,0
BRF:2
BRH:0
end_of_record
TN:
SF:src/middleware/error.middleware.ts
FN:32,errorHandler
FN:87,notFoundHandler
FN:106,asyncHandler
FN:109,(anonymous_3)
FNF:4
FNH:0
FNDA:0,errorHandler
FNDA:0,notFoundHandler
FNDA:0,asyncHandler
FNDA:0,(anonymous_3)
DA:14,0
DA:32,0
DA:39,0
DA:40,0
DA:42,0
DA:44,0
DA:47,0
DA:51,0
DA:57,0
DA:60,0
DA:61,0
DA:62,0
DA:65,0
DA:66,0
DA:70,0
DA:71,0
DA:76,0
DA:77,0
DA:80,0
DA:87,0
DA:88,0
DA:93,0
DA:106,0
DA:109,0
DA:110,0
LF:25
LH:0
BRDA:42,0,0,0
BRDA:42,0,1,0
BRDA:60,1,0,0
BRDA:60,1,1,0
BRDA:65,2,0,0
BRDA:65,2,1,0
BRDA:65,3,0,0
BRDA:65,3,1,0
BRDA:70,4,0,0
BRDA:70,4,1,0
BRDA:76,5,0,0
BRDA:76,5,1,0
BRF:12
BRH:0
end_of_record
TN:
SF:src/middleware/superAdmin.middleware.ts
FN:11,superAdminMiddleware
FN:63,logSuperAdminAction
FNF:2
FNH:0
FNDA:0,superAdminMiddleware
FNDA:0,logSuperAdminAction
DA:11,1
DA:12,0
DA:14,0
DA:15,0
DA:19,0
DA:23,0
DA:26,0
DA:27,0
DA:33,0
DA:38,0
DA:40,0
DA:41,0
DA:46,0
DA:49,0
DA:50,0
DA:56,1
DA:63,1
DA:64,0
DA:65,0
DA:66,0
DA:67,0
DA:69,0
DA:72,0
LF:23
LH:3
BRDA:14,0,0,0
BRDA:14,0,1,0
BRDA:23,1,0,0
BRDA:23,1,1,0
BRDA:26,2,0,0
BRDA:26,2,1,0
BRDA:38,3,0,0
BRDA:38,3,1,0
BRDA:38,3,2,0
BRDA:40,4,0,0
BRDA:40,4,1,0
BRDA:67,5,0,0
BRDA:67,5,1,0
BRDA:67,5,2,0
BRF:14
BRH:0
end_of_record
TN:
SF:src/middleware/tenant.middleware.ts
FN:26,tenantMiddleware
FN:53,ensureSuperAdmin
FN:75,ensureClinicAdmin
FN:102,enforceClinicIsolation
FN:127,optionalAuth
FNF:5
FNH:1
FNDA:60,tenantMiddleware
FNDA:0,ensureSuperAdmin
FNDA:0,ensureClinicAdmin
FNDA:0,enforceClinicIsolation
FNDA:0,optionalAuth
DA:2,4
DA:26,4
DA:28,60
DA:31,60
DA:32,8
DA:33,8
DA:36,52
DA:37,52
DA:38,52
DA:41,52
DA:43,52
DA:45,0
DA:53,4
DA:54,0
DA:55,0
DA:56,0
DA:59,0
DA:60,0
DA:65,0
DA:68,0
DA:75,4
DA:76,0
DA:77,0
DA:78,0
DA:81,0
DA:83,0
DA:84,0
DA:89,0
DA:92,0
DA:102,4
DA:103,0
DA:104,0
DA:105,0
DA:109,0
DA:110,0
DA:111,0
DA:115,0
DA:117,0
DA:121,0
DA:127,4
DA:129,0
DA:132,0
DA:134,0
DA:137,0
DA:138,0
DA:139,0
DA:140,0
DA:143,0
DA:146,0
DA:150,4
LF:50
LH:16
BRDA:28,0,0,60
BRDA:28,0,1,46
BRDA:31,1,0,8
BRDA:31,1,1,52
BRDA:54,2,0,0
BRDA:54,2,1,0
BRDA:59,3,0,0
BRDA:59,3,1,0
BRDA:76,4,0,0
BRDA:76,4,1,0
BRDA:83,5,0,0
BRDA:83,5,1,0
BRDA:103,6,0,0
BRDA:103,6,1,0
BRDA:109,7,0,0
BRDA:109,7,1,0
BRDA:129,8,0,0
BRDA:129,8,1,0
BRDA:132,9,0,0
BRDA:132,9,1,0
BRF:20
BRH:4
end_of_record
TN:
SF:src/repositories/patient.repository.ts
FN:80,(anonymous_0)
FN:91,(anonymous_1)
FN:134,(anonymous_2)
FN:146,(anonymous_3)
FN:173,(anonymous_4)
FN:185,(anonymous_5)
FN:207,(anonymous_6)
FN:262,(anonymous_7)
FN:275,(anonymous_8)
FN:288,(anonymous_9)
FN:301,(anonymous_10)
FN:314,(anonymous_11)
FN:325,(anonymous_12)
FN:336,(anonymous_13)
FN:347,(anonymous_14)
FN:361,(anonymous_15)
FNF:16
FNH:0
FNDA:0,(anonymous_0)
FNDA:0,(anonymous_1)
FNDA:0,(anonymous_2)
FNDA:0,(anonymous_3)
FNDA:0,(anonymous_4)
FNDA:0,(anonymous_5)
FNDA:0,(anonymous_6)
FNDA:0,(anonymous_7)
FNDA:0,(anonymous_8)
FNDA:0,(anonymous_9)
FNDA:0,(anonymous_10)
FNDA:0,(anonymous_11)
FNDA:0,(anonymous_12)
FNDA:0,(anonymous_13)
FNDA:0,(anonymous_14)
FNDA:0,(anonymous_15)
DA:14,0
DA:76,0
DA:81,0
DA:92,0
DA:93,0
DA:95,0
DA:96,0
DA:97,0
DA:100,0
DA:101,0
DA:102,0
DA:103,0
DA:106,0
DA:107,0
DA:108,0
DA:111,0
DA:112,0
DA:113,0
DA:116,0
DA:118,0
DA:119,0
DA:120,0
DA:122,0
DA:123,0
DA:124,0
DA:128,0
DA:135,0
DA:149,0
DA:156,0
DA:163,0
DA:164,0
DA:167,0
DA:174,0
DA:179,0
DA:186,0
DA:201,0
DA:208,0
DA:209,0
DA:211,0
DA:212,0
DA:213,0
DA:215,0
DA:216,0
DA:217,0
DA:219,0
DA:220,0
DA:221,0
DA:223,0
DA:224,0
DA:225,0
DA:227,0
DA:228,0
DA:229,0
DA:231,0
DA:232,0
DA:233,0
DA:235,0
DA:236,0
DA:237,0
DA:239,0
DA:240,0
DA:241,0
DA:244,0
DA:245,0
DA:248,0
DA:249,0
DA:251,0
DA:256,0
DA:263,0
DA:269,0
DA:276,0
DA:282,0
DA:289,0
DA:295,0
DA:302,0
DA:308,0
DA:315,0
DA:319,0
DA:326,0
DA:337,0
DA:348,0
DA:362,0
LF:82
LH:0
BRDA:91,0,0,0
BRDA:95,1,0,0
BRDA:95,1,1,0
BRDA:100,2,0,0
BRDA:100,2,1,0
BRDA:106,3,0,0
BRDA:106,3,1,0
BRDA:111,4,0,0
BRDA:111,4,1,0
BRDA:118,5,0,0
BRDA:118,5,1,0
BRDA:122,6,0,0
BRDA:122,6,1,0
BRDA:179,7,0,0
BRDA:179,7,1,0
BRDA:192,8,0,0
BRDA:192,8,1,0
BRDA:193,9,0,0
BRDA:193,9,1,0
BRDA:194,10,0,0
BRDA:194,10,1,0
BRDA:195,11,0,0
BRDA:195,11,1,0
BRDA:196,12,0,0
BRDA:196,12,1,0
BRDA:197,13,0,0
BRDA:197,13,1,0
BRDA:211,14,0,0
BRDA:211,14,1,0
BRDA:215,15,0,0
BRDA:215,15,1,0
BRDA:219,16,0,0
BRDA:219,16,1,0
BRDA:223,17,0,0
BRDA:223,17,1,0
BRDA:227,18,0,0
BRDA:227,18,1,0
BRDA:231,19,0,0
BRDA:231,19,1,0
BRDA:235,20,0,0
BRDA:235,20,1,0
BRDA:239,21,0,0
BRDA:239,21,1,0
BRDA:244,22,0,0
BRDA:244,22,1,0
BRF:45
BRH:0
end_of_record
TN:
SF:src/routes/appointments.routes.ts
FNF:0
FNH:0
DA:1,0
DA:2,0
DA:3,0
DA:4,0
DA:6,0
DA:8,0
DA:9,0
DA:11,0
LF:8
LH:0
BRF:0
BRH:0
end_of_record
TN:
SF:src/routes/auth.routes.ts
FNF:0
FNH:0
DA:14,2
DA:15,2
DA:17,2
DA:20,2
DA:23,2
DA:28,2
LF:6
LH:6
BRF:0
BRH:0
end_of_record
TN:
SF:src/routes/calendar.routes.ts
FNF:0
FNH:0
DA:1,0
DA:2,0
DA:3,0
DA:4,0
DA:6,0
DA:8,0
DA:9,0
DA:16,0
LF:8
LH:0
BRF:0
BRH:0
end_of_record
TN:
SF:src/routes/clinic.routes.ts
FN:18,(anonymous_1)
FN:19,(anonymous_2)
FN:29,(anonymous_3)
FNF:3
FNH:0
FNDA:0,(anonymous_1)
FNDA:0,(anonymous_2)
FNDA:0,(anonymous_3)
DA:1,0
DA:2,0
DA:3,0
DA:4,0
DA:5,0
DA:6,0
DA:7,0
DA:8,0
DA:10,0
DA:12,0
DA:13,0
DA:14,0
DA:17,0
DA:18,0
DA:20,0
DA:21,0
DA:22,0
DA:26,0
DA:30,0
DA:31,0
DA:33,0
DA:38,0
DA:39,0
DA:40,0
DA:46,0
DA:49,0
DA:56,0
DA:64,0
DA:73,0
LF:29
LH:0
BRDA:13,0,0,0
BRDA:13,0,1,0
BRDA:20,1,0,0
BRDA:20,1,1,0
BRDA:30,2,0,0
BRDA:30,2,1,0
BRF:6
BRH:0
end_of_record
TN:
SF:src/routes/financial.routes.ts
FNF:0
FNH:0
DA:1,1
DA:2,1
DA:3,1
DA:4,1
DA:6,1
DA:8,1
DA:9,1
DA:10,1
DA:11,1
DA:12,1
DA:13,1
DA:14,1
DA:16,1
LF:13
LH:13
BRF:0
BRH:0
end_of_record
TN:
SF:src/routes/lead.routes.ts
FNF:0
FNH:0
DA:1,2
DA:2,2
DA:3,2
DA:4,2
DA:6,2
DA:9,2
DA:10,2
DA:13,2
DA:16,2
DA:17,2
DA:20,2
DA:21,2
DA:24,2
LF:13
LH:13
BRF:0
BRH:0
end_of_record
TN:
SF:src/routes/metrics.routes.ts
FNF:0
FNH:0
DA:1,0
DA:2,0
DA:3,0
DA:4,0
DA:6,0
DA:9,0
DA:12,0
DA:14,0
LF:8
LH:0
BRF:0
BRH:0
end_of_record
TN:
SF:src/routes/patient.routes.ts
FNF:0
FNH:0
DA:1,0
DA:2,0
DA:3,0
DA:4,0
DA:6,0
DA:8,0
DA:9,0
DA:10,0
DA:12,0
LF:9
LH:0
BRF:0
BRH:0
end_of_record
TN:
SF:src/routes/prescription.routes.ts
FNF:0
FNH:0
DA:1,0
DA:2,0
DA:3,0
DA:4,0
DA:6,0
DA:8,0
DA:10,0
LF:7
LH:0
BRF:0
BRH:0
end_of_record
TN:
SF:src/routes/saas.routes.ts
FNF:0
FNH:0
DA:1,1
DA:2,1
DA:3,1
DA:4,1
DA:5,1
DA:7,1
DA:10,1
DA:13,1
DA:16,1
DA:17,1
DA:20,1
DA:21,1
DA:22,1
DA:23,1
DA:24,1
DA:25,1
DA:28,1
DA:29,1
DA:32,1
DA:33,1
DA:36,1
DA:37,1
DA:39,1
LF:23
LH:23
BRF:0
BRH:0
end_of_record
TN:
SF:src/routes/user.routes.ts
FNF:0
FNH:0
DA:1,0
DA:2,0
DA:3,0
DA:4,0
DA:6,0
DA:12,0
DA:13,0
DA:14,0
DA:23,0
DA:25,0
LF:10
LH:0
BRF:0
BRH:0
end_of_record
TN:
SF:src/services/PrescriptionPdfService.ts
FN:35,(anonymous_1)
FN:50,(anonymous_2)
FN:98,(anonymous_3)
FN:128,(anonymous_4)
FN:129,(anonymous_5)
FN:135,(anonymous_6)
FN:142,(anonymous_7)
FN:169,(anonymous_8)
FN:196,(anonymous_9)
FN:211,(anonymous_10)
FN:215,(anonymous_11)
FN:258,(anonymous_12)
FN:280,(anonymous_13)
FN:309,(anonymous_14)
FN:310,(anonymous_15)
FNF:15
FNH:0
FNDA:0,(anonymous_1)
FNDA:0,(anonymous_2)
FNDA:0,(anonymous_3)
FNDA:0,(anonymous_4)
FNDA:0,(anonymous_5)
FNDA:0,(anonymous_6)
FNDA:0,(anonymous_7)
FNDA:0,(anonymous_8)
FNDA:0,(anonymous_9)
FNDA:0,(anonymous_10)
FNDA:0,(anonymous_11)
FNDA:0,(anonymous_12)
FNDA:0,(anonymous_13)
FNDA:0,(anonymous_14)
FNDA:0,(anonymous_15)
DA:1,0
DA:2,0
DA:3,0
DA:4,0
DA:25,0
DA:41,0
DA:48,0
DA:50,0
DA:53,0
DA:55,0
DA:56,0
DA:57,0
DA:58,0
DA:61,0
DA:62,0
DA:64,0
DA:65,0
DA:71,0
DA:74,0
DA:75,0
DA:76,0
DA:78,0
DA:79,0
DA:82,0
DA:83,0
DA:85,0
DA:86,0
DA:90,0
DA:91,0
DA:93,0
DA:94,0
DA:95,0
DA:97,0
DA:98,0
DA:99,0
DA:100,0
DA:101,0
DA:106,0
DA:107,0
DA:108,0
DA:109,0
DA:113,0
DA:114,0
DA:115,0
DA:116,0
DA:117,0
DA:119,0
DA:123,0
DA:124,0
DA:126,0
DA:128,0
DA:129,0
DA:130,0
DA:136,0
DA:137,0
DA:138,0
DA:139,0
DA:143,0
DA:145,0
DA:146,0
DA:147,0
DA:148,0
DA:149,0
DA:150,0
DA:153,0
DA:154,0
DA:155,0
DA:156,0
DA:159,0
DA:160,0
DA:161,0
DA:162,0
DA:163,0
DA:165,0
DA:170,0
DA:171,0
DA:173,0
DA:174,0
DA:175,0
DA:177,0
DA:178,0
DA:197,0
DA:199,0
DA:202,0
DA:212,0
DA:213,0
DA:215,0
DA:218,0
DA:221,0
DA:225,0
DA:228,0
DA:231,0
DA:232,0
DA:234,0
DA:237,0
DA:241,0
DA:243,0
DA:257,0
DA:258,0
DA:259,0
DA:260,0
DA:263,0
DA:266,0
DA:270,0
DA:272,0
DA:279,0
DA:280,0
DA:281,0
DA:282,0
DA:285,0
DA:287,0
DA:290,0
DA:295,0
DA:307,0
DA:309,0
DA:310,0
DA:311,0
LF:117
LH:0
BRDA:55,0,0,0
BRDA:55,0,1,0
BRDA:56,1,0,0
BRDA:56,1,1,0
BRDA:56,2,0,0
BRDA:56,2,1,0
BRDA:57,3,0,0
BRDA:57,3,1,0
BRDA:58,4,0,0
BRDA:58,4,1,0
BRDA:61,5,0,0
BRDA:61,5,1,0
BRDA:73,6,0,0
BRDA:73,6,1,0
BRDA:75,7,0,0
BRDA:75,7,1,0
BRDA:78,8,0,0
BRDA:78,8,1,0
BRDA:93,9,0,0
BRDA:93,9,1,0
BRDA:94,10,0,0
BRDA:94,10,1,0
BRDA:113,11,0,0
BRDA:113,11,1,0
BRDA:115,12,0,0
BRDA:115,12,1,0
BRDA:116,13,0,0
BRDA:116,13,1,0
BRDA:136,14,0,0
BRDA:136,14,1,0
BRDA:138,15,0,0
BRDA:138,15,1,0
BRDA:143,16,0,0
BRDA:143,16,1,0
BRDA:146,17,0,0
BRDA:146,17,1,0
BRDA:146,18,0,0
BRDA:146,18,1,0
BRDA:148,19,0,0
BRDA:148,19,1,0
BRDA:153,20,0,0
BRDA:153,20,1,0
BRDA:155,21,0,0
BRDA:155,21,1,0
BRDA:161,22,0,0
BRDA:161,22,1,0
BRDA:170,23,0,0
BRDA:170,23,1,0
BRDA:171,24,0,0
BRDA:171,24,1,0
BRDA:173,25,0,0
BRDA:173,25,1,0
BRDA:173,25,2,0
BRDA:174,26,0,0
BRDA:174,26,1,0
BRDA:174,26,2,0
BRDA:175,27,0,0
BRDA:175,27,1,0
BRDA:175,27,2,0
BRF:59
BRH:0
end_of_record
TN:
SF:src/services/patient.service.ts
FN:42,(anonymous_0)
FN:59,(anonymous_1)
FN:66,(anonymous_2)
FN:77,(anonymous_3)
FN:85,(anonymous_4)
FN:119,(anonymous_5)
FN:146,(anonymous_6)
FN:191,(anonymous_7)
FN:202,(anonymous_8)
FN:209,(anonymous_9)
FN:216,(anonymous_10)
FNF:11
FNH:0
FNDA:0,(anonymous_0)
FNDA:0,(anonymous_1)
FNDA:0,(anonymous_2)
FNDA:0,(anonymous_3)
FNDA:0,(anonymous_4)
FNDA:0,(anonymous_5)
FNDA:0,(anonymous_6)
FNDA:0,(anonymous_7)
FNDA:0,(anonymous_8)
FNDA:0,(anonymous_9)
FNDA:0,(anonymous_10)
DA:14,0
DA:21,0
DA:26,0
DA:37,0
DA:43,0
DA:44,0
DA:47,0
DA:49,0
DA:50,0
DA:53,0
DA:60,0
DA:67,0
DA:68,0
DA:71,0
DA:78,0
DA:87,0
DA:88,0
DA:91,0
DA:92,0
DA:96,0
DA:97,0
DA:98,0
DA:99,0
DA:104,0
DA:111,0
DA:112,0
DA:121,0
DA:124,0
DA:125,0
DA:126,0
DA:127,0
DA:132,0
DA:134,0
DA:135,0
DA:139,0
DA:148,0
DA:149,0
DA:153,0
DA:156,0
DA:163,0
DA:164,0
DA:166,0
DA:168,0
DA:172,0
DA:175,0
DA:176,0
DA:180,0
DA:181,0
DA:185,0
DA:193,0
DA:196,0
DA:203,0
DA:210,0
DA:222,0
DA:223,0
DA:225,0
LF:56
LH:0
BRDA:43,0,0,0
BRDA:43,0,1,0
BRDA:43,1,0,0
BRDA:43,1,1,0
BRDA:49,2,0,0
BRDA:49,2,1,0
BRDA:59,3,0,0
BRDA:67,4,0,0
BRDA:67,4,1,0
BRDA:87,5,0,0
BRDA:87,5,1,0
BRDA:91,6,0,0
BRDA:91,6,1,0
BRDA:96,7,0,0
BRDA:96,7,1,0
BRDA:98,8,0,0
BRDA:98,8,1,0
BRDA:124,9,0,0
BRDA:124,9,1,0
BRDA:126,10,0,0
BRDA:126,10,1,0
BRDA:126,11,0,0
BRDA:126,11,1,0
BRDA:134,12,0,0
BRDA:134,12,1,0
BRDA:148,13,0,0
BRDA:148,13,1,0
BRDA:164,14,0,0
BRDA:164,14,1,0
BRDA:166,15,0,0
BRDA:166,15,1,0
BRDA:166,16,0,0
BRDA:166,16,1,0
BRDA:175,17,0,0
BRDA:175,17,1,0
BRDA:175,18,0,0
BRDA:175,18,1,0
BRDA:180,19,0,0
BRDA:180,19,1,0
BRDA:227,20,0,0
BRDA:227,20,1,0
BRDA:228,21,0,0
BRDA:228,21,1,0
BRDA:228,22,0,0
BRDA:228,22,1,0
BRDA:229,23,0,0
BRDA:229,23,1,0
BRF:47
BRH:0
end_of_record
TN:
SF:src/shared/constants/statuses.ts
FNF:0
FNH:0
DA:1,0
DA:8,0
LF:2
LH:0
BRF:0
BRH:0
end_of_record
TN:
SF:src/shared/errors/index.ts
FN:24,(anonymous_0)
FN:44,(anonymous_1)
FN:53,(anonymous_2)
FN:62,(anonymous_3)
FN:71,(anonymous_4)
FN:80,(anonymous_5)
FN:91,(anonymous_6)
FN:103,(anonymous_7)
FN:113,(anonymous_8)
FN:122,(anonymous_9)
FN:134,isOperationalError
FN:141,fromZodError
FNF:12
FNH:0
FNDA:0,(anonymous_0)
FNDA:0,(anonymous_1)
FNDA:0,(anonymous_2)
FNDA:0,(anonymous_3)
FNDA:0,(anonymous_4)
FNDA:0,(anonymous_5)
FNDA:0,(anonymous_6)
FNDA:0,(anonymous_7)
FNDA:0,(anonymous_8)
FNDA:0,(anonymous_9)
FNDA:0,isOperationalError
FNDA:0,fromZodError
DA:14,0
DA:19,0
DA:29,0
DA:30,0
DA:31,0
DA:32,0
DA:33,0
DA:36,0
DA:43,0
DA:45,0
DA:52,0
DA:54,0
DA:61,0
DA:63,0
DA:70,0
DA:72,0
DA:79,0
DA:81,0
DA:88,0
DA:92,0
DA:93,0
DA:100,0
DA:104,0
DA:105,0
DA:112,0
DA:114,0
DA:121,0
DA:123,0
DA:134,0
DA:135,0
DA:141,0
DA:142,0
DA:144,0
DA:145,0
DA:146,0
DA:147,0
DA:148,0
DA:150,0
DA:154,0
DA:155,0
LF:40
LH:0
BRDA:26,0,0,0
BRDA:27,1,0,0
BRDA:44,2,0,0
BRDA:53,3,0,0
BRDA:62,4,0,0
BRDA:71,5,0,0
BRDA:80,6,0,0
BRDA:91,7,0,0
BRDA:103,8,0,0
BRDA:113,9,0,0
BRDA:122,10,0,0
BRDA:135,11,0,0
BRDA:135,11,1,0
BRDA:144,12,0,0
BRDA:144,12,1,0
BRDA:147,13,0,0
BRDA:147,13,1,0
BRDA:154,14,0,0
BRDA:154,14,1,0
BRF:19
BRH:0
end_of_record
TN:
SF:src/validators/lead.validator.ts
FN:56,(anonymous_0)
FNF:1
FNH:1
FNDA:4,(anonymous_0)
DA:1,2
DA:4,2
DA:26,2
DA:56,4
LF:4
LH:4
BRF:0
BRH:0
end_of_record
TN:
SF:src/validators/user.validator.ts
FNF:0
FNH:0
DA:1,0
DA:4,0
LF:2
LH:0
BRF:0
BRH:0
end_of_record
